{"routes/apiv1.js":{"path":"routes/apiv1.js","s":{"1":1,"2":1,"3":1,"4":1,"5":1,"6":1,"7":4,"8":4,"9":1,"10":3,"11":3,"12":3,"13":0,"14":0,"15":3,"16":3,"17":3,"18":3,"19":0,"20":1,"21":1},"b":{"1":[1,3],"2":[4,4],"3":[0,3],"4":[3,0]},"f":{"1":4,"2":3},"fnMap":{"1":{"name":"(anonymous_1)","line":12,"loc":{"start":{"line":12,"column":21},"end":{"line":12,"column":40}}},"2":{"name":"(anonymous_2)","line":24,"loc":{"start":{"line":24,"column":7},"end":{"line":24,"column":33}}}},"statementMap":{"1":{"start":{"line":2,"column":0},"end":{"line":2,"column":33}},"2":{"start":{"line":3,"column":0},"end":{"line":3,"column":30}},"3":{"start":{"line":4,"column":0},"end":{"line":4,"column":33}},"4":{"start":{"line":6,"column":0},"end":{"line":8,"column":3}},"5":{"start":{"line":10,"column":0},"end":{"line":10,"column":124}},"6":{"start":{"line":12,"column":0},"end":{"line":39,"column":2}},"7":{"start":{"line":13,"column":1},"end":{"line":13,"column":25}},"8":{"start":{"line":14,"column":1},"end":{"line":16,"column":2}},"9":{"start":{"line":15,"column":2},"end":{"line":15,"column":45}},"10":{"start":{"line":18,"column":1},"end":{"line":18,"column":51}},"11":{"start":{"line":20,"column":1},"end":{"line":37,"column":7}},"12":{"start":{"line":25,"column":5},"end":{"line":36,"column":6}},"13":{"start":{"line":26,"column":6},"end":{"line":26,"column":53}},"14":{"start":{"line":27,"column":6},"end":{"line":27,"column":73}},"15":{"start":{"line":29,"column":6},"end":{"line":35,"column":13}},"16":{"start":{"line":30,"column":7},"end":{"line":30,"column":109}},"17":{"start":{"line":31,"column":7},"end":{"line":31,"column":51}},"18":{"start":{"line":32,"column":7},"end":{"line":32,"column":41}},"19":{"start":{"line":34,"column":16},"end":{"line":34,"column":60}},"20":{"start":{"line":40,"column":0},"end":{"line":40,"column":46}},"21":{"start":{"line":72,"column":0},"end":{"line":72,"column":24}}},"branchMap":{"1":{"line":14,"type":"if","locations":[{"start":{"line":14,"column":1},"end":{"line":14,"column":1}},{"start":{"line":14,"column":1},"end":{"line":14,"column":1}}]},"2":{"line":14,"type":"binary-expr","locations":[{"start":{"line":14,"column":6},"end":{"line":14,"column":18}},{"start":{"line":14,"column":24},"end":{"line":14,"column":51}}]},"3":{"line":25,"type":"if","locations":[{"start":{"line":25,"column":5},"end":{"line":25,"column":5}},{"start":{"line":25,"column":5},"end":{"line":25,"column":5}}]},"4":{"line":29,"type":"if","locations":[{"start":{"line":29,"column":6},"end":{"line":29,"column":6}},{"start":{"line":29,"column":6},"end":{"line":29,"column":6}}]}}}}